Using pre-set license
Built from '2022.1/staging' branch; Version is '2022.1.16f1 (7321c9670bc2) revision 7545289'; Using compiler version '192829333'; Build Type 'Release'
OS: 'Windows 10  (10.0.19045) 64bit Education' Language: 'en' Physical Memory: 16280 MB
BatchMode: 1, IsHumanControllingUs: 0, StartBugReporterOnCrash: 0, Is64bit: 1, IsPro: 1

COMMAND LINE ARGUMENTS:
C:\Program Files\Unity\Hub\Editor\2022.1.16f1\Editor\Unity.exe
-adb2
-batchMode
-noUpm
-name
AssetImportWorker0
-projectPath
C:/temp/Adam H/520336/Unity/FPS-Zmobie-Surv-Group-Game
-logFile
Logs/AssetImportWorker0.log
-srvPort
57924
Successfully changed project path to: C:/temp/Adam H/520336/Unity/FPS-Zmobie-Surv-Group-Game
C:/temp/Adam H/520336/Unity/FPS-Zmobie-Surv-Group-Game
[UnityMemory] Configuration Parameters - Can be set up in boot.config
    "memorysetup-bucket-allocator-granularity=16"
    "memorysetup-bucket-allocator-bucket-count=8"
    "memorysetup-bucket-allocator-block-size=33554432"
    "memorysetup-bucket-allocator-block-count=8"
    "memorysetup-main-allocator-block-size=16777216"
    "memorysetup-thread-allocator-block-size=16777216"
    "memorysetup-gfx-main-allocator-block-size=16777216"
    "memorysetup-gfx-thread-allocator-block-size=16777216"
    "memorysetup-cache-allocator-block-size=4194304"
    "memorysetup-typetree-allocator-block-size=2097152"
    "memorysetup-profiler-bucket-allocator-granularity=16"
    "memorysetup-profiler-bucket-allocator-bucket-count=8"
    "memorysetup-profiler-bucket-allocator-block-size=33554432"
    "memorysetup-profiler-bucket-allocator-block-count=8"
    "memorysetup-profiler-allocator-block-size=16777216"
    "memorysetup-profiler-editor-allocator-block-size=1048576"
    "memorysetup-temp-allocator-size-main=16777216"
    "memorysetup-job-temp-allocator-block-size=2097152"
    "memorysetup-job-temp-allocator-block-size-background=1048576"
    "memorysetup-job-temp-allocator-reduction-small-platforms=262144"
    "memorysetup-temp-allocator-size-background-worker=32768"
    "memorysetup-temp-allocator-size-job-worker=262144"
    "memorysetup-temp-allocator-size-preload-manager=33554432"
    "memorysetup-temp-allocator-size-nav-mesh-worker=65536"
    "memorysetup-temp-allocator-size-audio-worker=65536"
    "memorysetup-temp-allocator-size-cloud-worker=32768"
    "memorysetup-temp-allocator-size-gi-baking-worker=262144"
    "memorysetup-temp-allocator-size-gfx=262144"
Refreshing native plugins compatible for Editor in 77.65 ms, found 3 plugins.
Preloading 0 native plugins for Editor in 0.00 ms.
Initialize engine version: 2022.1.16f1 (7321c9670bc2)
[Subsystems] Discovering subsystems at path C:/Program Files/Unity/Hub/Editor/2022.1.16f1/Editor/Data/Resources/UnitySubsystems
[Subsystems] Discovering subsystems at path C:/temp/Adam H/520336/Unity/FPS-Zmobie-Surv-Group-Game/Assets
GfxDevice: creating device client; threaded=0; jobified=0
Direct3D:
    Version:  Direct3D 11.0 [level 11.1]
    Renderer: NVIDIA GeForce RTX 3060 (ID=0x2504)
    Vendor:   NVIDIA
    VRAM:     12142 MB
    Driver:   30.0.15.1259
Initialize mono
Mono path[0] = 'C:/Program Files/Unity/Hub/Editor/2022.1.16f1/Editor/Data/Managed'
Mono path[1] = 'C:/Program Files/Unity/Hub/Editor/2022.1.16f1/Editor/Data/MonoBleedingEdge/lib/mono/unityjit-win32'
Mono config path = 'C:/Program Files/Unity/Hub/Editor/2022.1.16f1/Editor/Data/MonoBleedingEdge/etc'
Using monoOptions --debugger-agent=transport=dt_socket,embedding=1,server=y,suspend=n,address=127.0.0.1:56316
Begin MonoManager ReloadAssembly
Registering precompiled unity dll's ...
Register platform support module: C:/Program Files/Unity/Hub/Editor/2022.1.16f1/Editor/Data/PlaybackEngines/WebGLSupport/UnityEditor.WebGL.Extensions.dll
Register platform support module: C:/Program Files/Unity/Hub/Editor/2022.1.16f1/Editor/Data/PlaybackEngines/MacStandaloneSupport/UnityEditor.OSXStandalone.Extensions.dll
Register platform support module: C:/Program Files/Unity/Hub/Editor/2022.1.16f1/Editor/Data/PlaybackEngines/AndroidPlayer/UnityEditor.Android.Extensions.dll
Register platform support module: C:/Program Files/Unity/Hub/Editor/2022.1.16f1/Editor/Data/PlaybackEngines/iOSSupport/UnityEditor.iOS.Extensions.dll
Register platform support module: C:/Program Files/Unity/Hub/Editor/2022.1.16f1/Editor/Data/PlaybackEngines/AppleTVSupport/UnityEditor.AppleTV.Extensions.dll
Register platform support module: C:/Program Files/Unity/Hub/Editor/2022.1.16f1/Editor/Data/PlaybackEngines/WindowsStandaloneSupport/UnityEditor.WindowsStandalone.Extensions.dll
Register platform support module: C:/Program Files/Unity/Hub/Editor/2022.1.16f1/Editor/Data/PlaybackEngines/LinuxStandaloneSupport/UnityEditor.LinuxStandalone.Extensions.dll
Register platform support module: C:/Program Files/Unity/Hub/Editor/2022.1.16f1/Editor/Data/PlaybackEngines/MetroSupport/UnityEditor.UWP.Extensions.dll
Registered in 0.011740 seconds.
Native extension for UWP target not found
Native extension for LinuxStandalone target not found
Native extension for WindowsStandalone target not found
[usbmuxd] Start listen thread
[usbmuxd] Listen thread started
Native extension for AppleTV target not found
[usbmuxd] Start listen thread
[usbmuxd] Listen thread started
Native extension for iOS target not found
Native extension for Android target not found
Native extension for OSXStandalone target not found
Native extension for WebGL target not found
Refreshing native plugins compatible for Editor in 77.75 ms, found 3 plugins.
Preloading 0 native plugins for Editor in 0.00 ms.
Mono: successfully reloaded assembly
- Completed reload, in  0.706 seconds
Domain Reload Profiling:
	ReloadAssembly (707ms)
		BeginReloadAssembly (69ms)
			ExecutionOrderSort (0ms)
			DisableScriptedObjects (0ms)
			BackupInstance (0ms)
			ReleaseScriptingObjects (0ms)
			CreateAndSetChildDomain (1ms)
		EndReloadAssembly (520ms)
			LoadAssemblies (68ms)
			RebuildTransferFunctionScriptingTraits (0ms)
			SetupTypeCache (126ms)
				TypeCache.Initialize (126ms)
					TypeCache.ScanAssembly (125ms)
				ResolveRequiredComponents (0ms)
			ReleaseScriptCaches (0ms)
			RebuildScriptCaches (28ms)
			SetupLoadedEditorAssemblies (314ms)
				LogAssemblyErrors (0ms)
				InitializePlatformSupportModulesInManaged (73ms)
				SetLoadedEditorAssemblies (9ms)
				RefreshPlugins (78ms)
				BeforeProcessingInitializeOnLoad (1ms)
				ProcessInitializeOnLoadAttributes (109ms)
				ProcessInitializeOnLoadMethodAttributes (44ms)
				AfterProcessingInitializeOnLoad (0ms)
				EditorAssembliesLoaded (0ms)
			ExecutionOrderSort2 (0ms)
			AwakeInstancesAfterBackupRestoration (0ms)
Platform modules already initialized, skipping
Registering precompiled user dll's ...
Registered in 0.005000 seconds.
Begin MonoManager ReloadAssembly
Symbol file LoadedFromMemory doesn't match image C:\temp\Adam H\520336\Unity\FPS-Zmobie-Surv-Group-Game\Library\PackageCache\com.unity.visualscripting@1.7.8\Editor\VisualScripting.Core\Dependencies\YamlDotNet\Unity.VisualScripting.YamlDotNet.dll
Symbol file LoadedFromMemory doesn't match image C:\temp\Adam H\520336\Unity\FPS-Zmobie-Surv-Group-Game\Library\PackageCache\com.unity.visualscripting@1.7.8\Editor\VisualScripting.Core\Dependencies\DotNetZip\Unity.VisualScripting.IonicZip.dll
Native extension for UWP target not found
Native extension for LinuxStandalone target not found
Native extension for WindowsStandalone target not found
Native extension for AppleTV target not found
Native extension for iOS target not found
Native extension for Android target not found
Native extension for OSXStandalone target not found
Native extension for WebGL target not found
Refreshing native plugins compatible for Editor in 0.47 ms, found 3 plugins.
Preloading 0 native plugins for Editor in 0.00 ms.
Mono: successfully reloaded assembly
- Completed reload, in  1.202 seconds
Domain Reload Profiling:
	ReloadAssembly (1203ms)
		BeginReloadAssembly (216ms)
			ExecutionOrderSort (0ms)
			DisableScriptedObjects (7ms)
			BackupInstance (0ms)
			ReleaseScriptingObjects (0ms)
			CreateAndSetChildDomain (119ms)
		EndReloadAssembly (867ms)
			LoadAssemblies (81ms)
			RebuildTransferFunctionScriptingTraits (0ms)
			SetupTypeCache (286ms)
				TypeCache.Initialize (282ms)
					TypeCache.ScanAssembly (278ms)
				ResolveRequiredComponents (4ms)
			ReleaseScriptCaches (1ms)
			RebuildScriptCaches (49ms)
			SetupLoadedEditorAssemblies (407ms)
				LogAssemblyErrors (0ms)
				InitializePlatformSupportModulesInManaged (33ms)
				SetLoadedEditorAssemblies (7ms)
				RefreshPlugins (1ms)
				BeforeProcessingInitializeOnLoad (84ms)
				ProcessInitializeOnLoadAttributes (241ms)
				ProcessInitializeOnLoadMethodAttributes (30ms)
				AfterProcessingInitializeOnLoad (11ms)
				EditorAssembliesLoaded (0ms)
			ExecutionOrderSort2 (0ms)
			AwakeInstancesAfterBackupRestoration (5ms)
Platform modules already initialized, skipping
========================================================================
Worker process is ready to serve import requests
Launched and connected shader compiler UnityShaderCompiler.exe after 0.03 seconds
Refreshing native plugins compatible for Editor in 0.67 ms, found 3 plugins.
Preloading 0 native plugins for Editor in 0.00 ms.
Unloading 3403 Unused Serialized files (Serialized files now loaded: 0)
Unloading 26 unused Assets / (58.2 KB). Loaded Objects now: 3865.
Memory consumption went from 0.51 GB to 0.51 GB.
Total: 2.594300 ms (FindLiveObjects: 0.244500 ms CreateObjectMapping: 0.184300 ms MarkObjects: 2.096200 ms  DeleteObjects: 0.068500 ms)

AssetImportParameters requested are different than current active one (requested -> active):
  custom:video-decoder-ogg-theora: a1e56fd34408186e4bbccfd4996cb3dc -> 
  custom:container-muxer-webm: aa71ff27fc2769a1b78a27578f13a17b -> 
  custom:container-demuxer-webm: 4f35f7cbe854078d1ac9338744f61a02 -> 
  custom:video-encoder-webm-vp8: eb34c28f22e8b96e1ab97ce403110664 -> 
  custom:audio-encoder-webm-vorbis: bf7c407c2cedff20999df2af8eb42d56 -> 
  custom:framework-win-MediaFoundation: 216162199b28c13a410421893ffa2e32 -> 
  custom:container-demuxer-ogg: 62fdf1f143b41e24485cea50d1cbac27 -> 
  custom:video-decoder-webm-vp8: 9c59270c3fd7afecdb556c50c9e8de78 -> 
  custom:audio-decoder-ogg-vorbis: bf7c407c2cedff20999df2af8eb42d56 -> 
========================================================================
Received Import Request.
  Time since last request: 11103.124896 seconds.
  path: Assets/Spawner.cs
  artifactKey: Guid(288cf7e4255461c4d84484d9b4da000f) Importer(815301076,1909f56bfc062723c751e8b465ee728b)
Start importing Assets/Spawner.cs using Guid(288cf7e4255461c4d84484d9b4da000f) Importer(815301076,1909f56bfc062723c751e8b465ee728b)  -> (artifact id: '19b74e17eeae343c6ba202967b197757') in 0.011556 seconds 
========================================================================
Received Import Request.
  Time since last request: 0.000021 seconds.
  path: Assets/PlayerCamScript.cs
  artifactKey: Guid(d34f3e2e1266b8f40a2dfd434a03376b) Importer(815301076,1909f56bfc062723c751e8b465ee728b)
Start importing Assets/PlayerCamScript.cs using Guid(d34f3e2e1266b8f40a2dfd434a03376b) Importer(815301076,1909f56bfc062723c751e8b465ee728b)  -> (artifact id: 'd590b2404be674113fe1227a162e8b3e') in 0.005143 seconds 
========================================================================
Received Import Request.
  Time since last request: 3.447030 seconds.
  path: Assets/CamMoveScript.cs
  artifactKey: Guid(3125e2b8eaf1eb14fae41477201f215d) Importer(815301076,1909f56bfc062723c751e8b465ee728b)
Start importing Assets/CamMoveScript.cs using Guid(3125e2b8eaf1eb14fae41477201f215d) Importer(815301076,1909f56bfc062723c751e8b465ee728b)  -> (artifact id: 'e539b3fe42f6104b264aa3beab6c408f') in 0.005295 seconds 
========================================================================
Received Import Request.
  Time since last request: 47.794927 seconds.
  path: Assets/Stats.cs
  artifactKey: Guid(f993177b720a0d849b5290bd9823402c) Importer(815301076,1909f56bfc062723c751e8b465ee728b)
Start importing Assets/Stats.cs using Guid(f993177b720a0d849b5290bd9823402c) Importer(815301076,1909f56bfc062723c751e8b465ee728b)  -> (artifact id: 'd0dd89d8c87ae9417011ad3b4598f4db') in 0.004953 seconds 
========================================================================
Received Import Request.
  Time since last request: 103.260962 seconds.
  path: Assets/ZombieStats.cs
  artifactKey: Guid(f993177b720a0d849b5290bd9823402c) Importer(815301076,1909f56bfc062723c751e8b465ee728b)
Start importing Assets/ZombieStats.cs using Guid(f993177b720a0d849b5290bd9823402c) Importer(815301076,1909f56bfc062723c751e8b465ee728b)  -> (artifact id: 'a414a3b2870b5e7b4ad68547139f7258') in 0.005745 seconds 
========================================================================
Received Import Request.
  Time since last request: 11.488357 seconds.
  path: Assets/Stats.cs
  artifactKey: Guid(cb34df45f4f323641aa93d5adc0b6348) Importer(815301076,1909f56bfc062723c751e8b465ee728b)
Start importing Assets/Stats.cs using Guid(cb34df45f4f323641aa93d5adc0b6348) Importer(815301076,1909f56bfc062723c751e8b465ee728b)  -> (artifact id: 'b02ac30d4b35fd9140d8f648f074cf12') in 0.001555 seconds 
========================================================================
Received Import Request.
  Time since last request: 114.538155 seconds.
  path: Assets/CharacterStats.cs
  artifactKey: Guid(d9fbb2095af532442b96487f6316ef47) Importer(815301076,1909f56bfc062723c751e8b465ee728b)
Start importing Assets/CharacterStats.cs using Guid(d9fbb2095af532442b96487f6316ef47) Importer(815301076,1909f56bfc062723c751e8b465ee728b)  -> (artifact id: '69d22205199edd6090d23820860ede22') in 0.005561 seconds 
========================================================================
Received Import Request.
  Time since last request: 340.489233 seconds.
  path: Assets/CharacterStats.cs
  artifactKey: Guid(d9fbb2095af532442b96487f6316ef47) Importer(815301076,1909f56bfc062723c751e8b465ee728b)
Start importing Assets/CharacterStats.cs using Guid(d9fbb2095af532442b96487f6316ef47) Importer(815301076,1909f56bfc062723c751e8b465ee728b)  -> (artifact id: 'fbf2c993253ba1bff6ee057e448a1a8e') in 0.002146 seconds 
========================================================================
Received Import Request.
  Time since last request: 9.986055 seconds.
  path: Assets/PlayerStats.cs
  artifactKey: Guid(2e3cde78d97edf04294c5d104dbf5738) Importer(815301076,1909f56bfc062723c751e8b465ee728b)
Start importing Assets/PlayerStats.cs using Guid(2e3cde78d97edf04294c5d104dbf5738) Importer(815301076,1909f56bfc062723c751e8b465ee728b)  -> (artifact id: '490f40d81b444d61a672bfb9dd0c9917') in 0.005044 seconds 
========================================================================
Received Import Request.
  Time since last request: 33.331124 seconds.
  path: Assets/PlayerStats.cs
  artifactKey: Guid(2e3cde78d97edf04294c5d104dbf5738) Importer(815301076,1909f56bfc062723c751e8b465ee728b)
Start importing Assets/PlayerStats.cs using Guid(2e3cde78d97edf04294c5d104dbf5738) Importer(815301076,1909f56bfc062723c751e8b465ee728b)  -> (artifact id: '02d65fff87edacaf235c278ff795279b') in 0.001596 seconds 
========================================================================
Received Import Request.
  Time since last request: 121.423450 seconds.
  path: Assets/CharacterStats.cs
  artifactKey: Guid(d9fbb2095af532442b96487f6316ef47) Importer(815301076,1909f56bfc062723c751e8b465ee728b)
Start importing Assets/CharacterStats.cs using Guid(d9fbb2095af532442b96487f6316ef47) Importer(815301076,1909f56bfc062723c751e8b465ee728b)  -> (artifact id: '2df98f0b89c8f218ea6fe9282ee49faf') in 0.001548 seconds 
